<?xml version="1.0" encoding="UTF-8"?>
<!-- Generated by org.testng.reporters.JUnitReportReporter -->
<testsuite hostname="macos-C02F63JXMD6N" failures="0" tests="1" name="com.spring.selenium.extentreport.ExtentReportDemo" time="7.209" errors="0" timestamp="2023-01-14T23:52:21 IST" skipped="0">
  <testcase classname="com.spring.selenium.extentreport.ExtentReportDemo" name="intialDemo" time="7.209"/>
  <system-out/>
</testsuite> <!-- com.spring.selenium.extentreport.ExtentReportDemo -->
