<?xml version="1.0" encoding="UTF-8"?>
<!-- Generated by org.testng.reporters.JUnitReportReporter -->
<testsuite hostname="macos-C02F63JXMD6N" failures="0" tests="1" name="com.spring.testNG.SpringBootTestNgApplicationTests" time="0.003" errors="0" timestamp="2022-12-21T17:41:38 IST" skipped="0">
  <testcase classname="com.spring.testNG.SpringBootTestNgApplicationTests" name="contextLoads" time="0.003"/>
  <system-out/>
</testsuite> <!-- com.spring.testNG.SpringBootTestNgApplicationTests -->
