<?xml version="1.0" encoding="UTF-8"?>
<!-- Generated by org.testng.reporters.JUnitReportReporter -->
<testsuite hostname="macos-C02F63JXMD6N" failures="0" tests="3" name="test.Day4" time="0.003" errors="0" timestamp="2022-12-21T17:41:38 IST" skipped="1">
  <testcase classname="test.Day4" name="WebLoginHomeLoan" time="0.002"/>
  <system-out/>
  <testcase classname="test.Day4" name="MobileLoginHomeLoan" time="0.001"/>
  <system-out/>
  <testcase classname="test.Day4" name="LoginAPIHomeLoan">
    <skipped/>
  </testcase> <!-- LoginAPIHomeLoan -->
  <system-out/>
</testsuite> <!-- test.Day4 -->
