<?xml version="1.0" encoding="UTF-8"?>
<!-- Generated by org.testng.reporters.JUnitReportReporter -->
<testsuite hostname="macos-C02F63JXMD6N" failures="0" tests="2" name="com.spring.stream.StreamDemo" time="0.005" errors="0" timestamp="2022-12-25T22:47:12 IST" skipped="0">
  <testcase classname="com.spring.stream.StreamDemo" name="regular" time="0.004"/>
  <system-out/>
  <testcase classname="com.spring.stream.StreamDemo" name="streamFilter" time="0.001"/>
  <system-out/>
</testsuite> <!-- com.spring.stream.StreamDemo -->
